{
  "RSpec": {
    "coverage": {
      "/Users/amybalmforth/Projects/makers/week10/bank/spec/bank_spec.rb": [
        1,
        null,
        1,
        1,
        1,
        1,
        1,
        null,
        1,
        1,
        null,
        null,
        null,
        null,
        1,
        1,
        1,
        1,
        1,
        null,
        1,
        1,
        null,
        null,
        1,
        1,
        1,
        null,
        null,
        null,
        null,
        1,
        1,
        1,
        1,
        1,
        null,
        1,
        1,
        null,
        null,
        1,
        1,
        1,
        null,
        null,
        null,
        null,
        1,
        1,
        1,
        1,
        1,
        1,
        1,
        null,
        null,
        null,
        null,
        null
      ],
      "/Users/amybalmforth/Projects/makers/week10/bank/lib/bank.rb": [
        1,
        null,
        1,
        1,
        4,
        4,
        null,
        null,
        1,
        4,
        4,
        null,
        null,
        1,
        3,
        3,
        null,
        null,
        1,
        3,
        null,
        null,
        1,
        null,
        1,
        null
      ],
      "/Users/amybalmforth/Projects/makers/week10/bank/lib/bank_statement.rb": [
        1,
        null,
        1,
        1,
        null,
        1,
        4,
        null,
        null,
        1,
        6,
        null,
        null
      ]
    },
    "timestamp": 1576590212
  }
}
